<?xml version="1.0" encoding="UTF-8"?>
<!-- Generated by org.testng.reporters.JUnitReportReporter -->
<testsuite hostname="KANINI-LTP-552" failures="0" tests="1" name="rahulShettyacademy_ActualProject.RahulShettyProjectTest" time="15.204" errors="0" timestamp="23 Feb 2025 10:03:15 GMT" skipped="0">
  <testcase classname="rahulShettyacademy_ActualProject.RahulShettyProjectTest" name="submit" time="15.204"/>
</testsuite> <!-- rahulShettyacademy_ActualProject.RahulShettyProjectTest -->
