<?xml version="1.0" encoding="UTF-8"?>
<!-- Generated by org.testng.reporters.JUnitReportReporter -->
<testsuite hostname="KANINI-LTP-552" failures="0" tests="2" name="rahulShettyacademy_ActualProject.SubmitOrder" time="9.617" errors="0" timestamp="26 Feb 2025 10:24:43 GMT" skipped="0">
  <testcase classname="rahulShettyacademy_ActualProject.SubmitOrder" name="ValidatedOrderConfirmation" time="7.124"/>
  <testcase classname="rahulShettyacademy_ActualProject.SubmitOrder" name="OrderHisToryTest" time="2.493"/>
</testsuite> <!-- rahulShettyacademy_ActualProject.SubmitOrder -->
