<?xml version="1.0" encoding="UTF-8"?>
<!-- Generated by org.testng.reporters.JUnitReportReporter -->
<testsuite hostname="KANINI-LTP-552" failures="0" tests="1" name="rahulShettyacademy_ActualProject.ErrorValidations" time="3.714" errors="0" timestamp="23 Feb 2025 10:35:37 GMT" skipped="0">
  <testcase classname="rahulShettyacademy_ActualProject.ErrorValidations" name="submit" time="3.714"/>
</testsuite> <!-- rahulShettyacademy_ActualProject.ErrorValidations -->
